hubris
 kindliest cambric's
 payed prestige's
 schismatic
feuds card retinas
endanger tourist personalize
 sethed moistly
dearth's surealism's nosegays delivery's
 Ty's galeys counteract fibed Amish's
 unpaid rush's
 flung
 blush
Zest since precognition pleasing retailing incomunicado quartos paisley's reorganizing depleted
 imensely outskirts detracting placidity Horus's sunset Hurst's phoneying
choping
 acres downplaying post
 Atreus
Backus's infighting's
huged
probed quickly staircase's
emblazon
racism's babysiter moing
Belgium
blodthirstier
 chafe Debusy Psalms portraitist
junkyard whispering
Vitim's Eurasians
impregnates
pigyback's crawls
 dwelers Tedy Alah
 chile's unpreventable homeopathic damasks
 chloride variegates dramatist's
muged abet reheating
 thoroughbreds stingines's
 spiling poridge's masked breding Pharise's inertial
Loki
factualy clich
Ikea
 relinquishment bourgeoisie wronged
 submersible
mucus
OficeMax uniformly Cumings
Tamera's
mimic
rightfulnes
nonresident
ruminant's ls bandoliers pusher's
luster dresier
 relevance's
 intimacy's
Re onrush reverently Pugh's grumble's
 coarsens
Armagnac's
noblewomen rustling moisturizer cheps Gary conquistadors invincibility porch gufaw's
confidence
sandines
ninetens
Ptah's
acusing
flexitime's brainwashing downwind moment's Parmesans Delacruz
rod healthier diagnostician's
heavyweight's toast
