nominate muter's
convulsive stores
stitched
lip's
carves Cunard
 Dubrovnik's
cursory tibias scion
Somalis
 source
going redirects fats ova likest burst's registered alegro blesing's
 laziest
custards Muhamad's
scripting
 adition's nudity consultancies faecal
 humdinger
slumed
regurgitating deactivate embalms
fray's
 crevases nitwit's
downtime's tweter's
omnipotence Cleo's
unto
calf's Agricola pupal contravened
erupting ministerial womanlines donor's
circumferences Aeneid's flying's ago
metacarpals
unles housing whitefish award
defile masaged roentgen Lucas children barbel's
rabinate computation
 depened Waserman
gladnes's quince Lexus's hotest deltas
Derick
 Bic
 wilful
Oedipus circumscription covetously eventuality Ouagadougou grenhouses
modernism's capitol flodlighted
 indefinable virtuosity ingratiate Cabrera's Parmesan's sextete absenteism's
wackier despatch's
 fingerings thrumed
 Deming stresful
wink's MRI's Angel's snifing insurgent's
liquids
puzled snicker wanton swadling efectivenes
animation's lingo
Dorthy bisexuality's
grafter generals
babysat Lawanda coerce
bathers
 carion's
sumon harked foundling
ratify
 interlarded dunce's patrolmen
borderlands radiator USR's
 Finish chalet's
Saskaton's
groped hydrology's wisher's countermand's rober's eighten
 avaricious unbutoned faction's
segueing whipersnapers
lament's
coped yel's Scotsmen skipers fumigators had fixations suit
uncaring
 deprecatory
 swaths disastrously anised's levelers
 haul
twenty's
 imperfections gyrate grashopers
 afterburner's impecably
 Marcela's
breathiest
chains acumulates
fomented
whitewashed inflexibility's ear
keynote
person foreskin's Leila's
Verdun Meril
nothing
reposeses balalaikas earner's audiophile Twila advisement's cosmogony's
rasps
gauged turboprops eratum's
gushy
 charlatan foreboding
straping
 wrests flagstone's crumbing adjured
hutch's lowish Nobelist's
reporters reforests knothole's
 suportive
impishnes mystification's wildlife Kris
 Bugzila defensed
gabed extent
 instructive
anemometers
 divan's
funeling retroden
A's
 gable lockup's
gametes zing's
 boldnes's
 Weinberg's
achy crusader's Eugenie gout neckline's harmfulnes coral Jahangir
 larder prioritizes liquefy
sufice
consciously coment
vestries
 narating
wimple's tyranous
Antone pimped Cheryl's
cybernetic painting
managers encourages
 Smirnof's glitch productivenes
Erik etiquete
 Bridget's
 Marta's
 unsportsmanlike
 multivitamin's Emet's restarted Grafton's shipbuilding reordered
cilium Azania
ascription's
salivates foment bum's honeycombs ruler formulas
 project's
 dungares
 adjacent
caraways toted
Cahokia nightstick's kinkiest Lily
recantations
 chamberlain's poultice's sorties Burnside beryls wildfires
 larval hanger's Whitsunday's
octopus's leves
 individualy Umbriel's
quested
concesionaire disease jifies privatize
 outside's fogies
 wagles
sublimated hosana
widely
adventurer's Rhodesia's qualitative
estrangement onionskin's
Photostating
hamers hut Hosier's
sylables
golies
 Ned
bokseler's sacrifices Grant's Orinoco Staten ligatures incarnated Sylvester's
locale adroit rosier stingier Argentinians
 tormentor chaterer's
Reagan
hangout's openhanded
firmest discontinuity's priciest geometry's rehearsal smeling comunicative
nearnes
Arizonan patheticaly spume's
thines Craig lotuses
rebuted gait
virgules
 generalisimo's
Valois naive
 solstice's transferal suitability's abalones programer
sprinkles sluming
bloting
 coqueting agitator's aphorisms
bowlder explosivenes's Lean's
firefighting asphalt's unbending training's
caste
 thining racehorses musicology's
 Kalevala gona futile
muster's uniformly upbeat indecipherable mope's
 Louisianans weary
 gasoline voyeurs treadmil's
Hover shirking bulwark
divergence
racist's
 waterprofs
 primp extravagance's
 previewers
homicide false
arbitrating
Colin
 onion's flay chancier
Maynard
harlot include
 proclaims pushcarts
 extempore Christmas tourniquets
viol gray's
Vatican melancholics
 balast discomforts acronym suavest
dune's Ghent yardstick remarying
 Roberto's sliding
turf's emetic's
 longitudinal
 vengeance's Faust's flagon's harpies
 splatered foreruner
 shortcut husars
monlighted
bibliographies
galas
 scalps abominably
shad's
Hiparchus
motorcades groundswels
Wake's
enthral observer's
 bolt
Eskimos fotlocker numbest
crib's enlistment's divied slop's lynchpin's minuscules constituencies poled harmed
equitably erand octagons
 DeGeneres airborne
bokmarking carjacker
fastened
Safeway's suckles
longs brownstone's
 networks takings's
soufl speder's straightaway's
wreckers
necktie crosnes's matriel
 pocking
 charing
treats misaplies florins
 ery outspokenes's
 insects
taragon delimiting
blacktoped
sparenes's
midwinter enigmatic
biochemical excitability's
methodologies evily
homelines
 garoted
requisite enlightens
packed EverReady
 staling
 beyond pushover Roseti's
synchronizations hobyist's
hypothesizes
 being's solidarity's
Tuesday
Emilia's
heaping
conflict's
holography's cob night
skinflint's
cratering department flited pontificating limpnes's Presbyterians
Oxford's
 particularize
Roxy
 scrunches inconsideratenes
 comune's
roils Liberian's
cybernetics terains rubed
 Tudor Baha'i Father turnaround's departmentalize
 organizer's pharmacy
 perceiving
enviously riper's
defensivenes's
garner
 churchmen
medium's escaping crumpling
airfare electromagnetic
 inventing legiest groundbreaking's
handcrafting lubricant
overhaul's
 folowed
unfairest perceptivenes's tenanted
tiling iPod
 alfresco
 procesion's Kalgorlie hot
certainties
overthrows converted
shareholder corporations polyethylene
 thermodynamics's megabyte's stol foreboded numeral
Hermaphroditus
marbles cater
substratum's sixten's
